2015-09-01 18:33:44 =CRASH REPORT====
  crasher:
    initial call: application_master:init/4
    pid: <0.78.0>
    registered_name: []
    exception exit: {{bad_return,{{game_app,start,[normal,[]]},{'EXIT',{undef,[{game_app,start,[normal,[]],[]},{application_master,start_it_old,4,[{file,"application_master.erl"},{line,272}]}]}}}},[{application_master,init,4,[{file,"application_master.erl"},{line,133}]},{proc_lib,init_p_do_apply,3,[{file,"proc_lib.erl"},{line,237}]}]}
    ancestors: [<0.77.0>]
    messages: [{'EXIT',<0.79.0>,normal}]
    links: [<0.77.0>,<0.7.0>]
    dictionary: []
    trap_exit: true
    status: running
    heap_size: 376
    stack_size: 27
    reductions: 121
  neighbours:
2015-09-01 18:42:46 =CRASH REPORT====
  crasher:
    initial call: application_master:init/4
    pid: <0.78.0>
    registered_name: []
    exception exit: {{bad_return,{{game_app,start,[normal,[]]},{'EXIT',{undef,[{game_app,start,[normal,[]],[]},{application_master,start_it_old,4,[{file,"application_master.erl"},{line,272}]}]}}}},[{application_master,init,4,[{file,"application_master.erl"},{line,133}]},{proc_lib,init_p_do_apply,3,[{file,"proc_lib.erl"},{line,237}]}]}
    ancestors: [<0.77.0>]
    messages: [{'EXIT',<0.79.0>,normal}]
    links: [<0.77.0>,<0.7.0>]
    dictionary: []
    trap_exit: true
    status: running
    heap_size: 376
    stack_size: 27
    reductions: 121
  neighbours:
2015-09-01 18:43:45 =ERROR REPORT====
Transport option {active,once} unknown or invalid.
2015-09-01 18:43:45 =ERROR REPORT====
Transport option {packet,0} unknown or invalid.
2015-09-01 18:43:45 =ERROR REPORT====
Transport option {reuseaddr,true} unknown or invalid.
2015-09-01 18:46:03 =ERROR REPORT====
Transport option {active,once} unknown or invalid.
2015-09-01 18:46:03 =ERROR REPORT====
Transport option {packet,0} unknown or invalid.
2015-09-01 18:46:03 =ERROR REPORT====
Transport option {reuseaddr,true} unknown or invalid.
